2021-03-15 19:21:09 Loading main app package /tmp/.mount_obsidiU8zQ1C/resources/obsidian.asar
2021-03-15 19:21:09 Checking for update using Github
2021-03-15 19:21:09 Success.
2021-03-15 19:21:09 Latest version is 0.11.5
2021-03-15 19:21:09 App is up to date.
2021-03-15 19:25:33 Loading main app package /tmp/.mount_obsidi6hG0Mn/resources/obsidian.asar
2021-03-15 19:25:33 Checking for update using Github
2021-03-15 19:25:34 Success.
2021-03-15 19:25:34 Latest version is 0.11.5
2021-03-15 19:25:34 App is up to date.
2021-03-15 20:25:33 Checking for update using Github
2021-03-15 20:25:33 Success.
2021-03-15 20:25:33 Latest version is 0.11.5
2021-03-15 20:25:33 App is up to date.
2021-03-15 21:25:33 Checking for update using Github
2021-03-15 21:25:33 Success.
2021-03-15 21:25:33 Latest version is 0.11.5
2021-03-15 21:25:33 App is up to date.
2021-03-15 22:25:33 Checking for update using Github
2021-03-15 22:25:33 Success.
2021-03-15 22:25:33 Latest version is 0.11.5
2021-03-15 22:25:33 App is up to date.
2021-03-15 23:25:33 Checking for update using Github
2021-03-15 23:25:33 Success.
2021-03-15 23:25:33 Latest version is 0.11.5
2021-03-15 23:25:33 App is up to date.
2021-03-16 00:25:33 Checking for update using Github
2021-03-16 00:25:33 Success.
2021-03-16 00:25:33 Latest version is 0.11.5
2021-03-16 00:25:33 App is up to date.
2021-03-16 01:25:33 Checking for update using Github
2021-03-16 01:25:33 Success.
2021-03-16 01:25:33 Latest version is 0.11.5
2021-03-16 01:25:33 App is up to date.
2021-03-16 02:25:33 Checking for update using Github
2021-03-16 02:25:33 Success.
2021-03-16 02:25:33 Latest version is 0.11.5
2021-03-16 02:25:33 App is up to date.
2021-03-16 03:25:34 Checking for update using Github
2021-03-16 03:25:34 Success.
2021-03-16 03:25:34 Latest version is 0.11.5
2021-03-16 03:25:34 App is up to date.
2021-03-16 04:25:34 Checking for update using Github
2021-03-16 04:25:34 Success.
2021-03-16 04:25:34 Latest version is 0.11.5
2021-03-16 04:25:34 App is up to date.
2021-03-16 05:25:34 Checking for update using Github
2021-03-16 05:25:34 Success.
2021-03-16 05:25:34 Latest version is 0.11.5
2021-03-16 05:25:34 App is up to date.
2021-03-16 06:25:34 Checking for update using Github
2021-03-16 06:25:34 Success.
2021-03-16 06:25:34 Latest version is 0.11.5
2021-03-16 06:25:34 App is up to date.
2021-03-16 07:25:34 Checking for update using Github
2021-03-16 07:25:34 Success.
2021-03-16 07:25:34 Latest version is 0.11.5
2021-03-16 07:25:34 App is up to date.
2021-03-16 08:25:34 Checking for update using Github
2021-03-16 08:25:34 Success.
2021-03-16 08:25:34 Latest version is 0.11.5
2021-03-16 08:25:34 App is up to date.
2021-03-16 09:25:34 Checking for update using Github
2021-03-16 09:25:34 Success.
2021-03-16 09:25:34 Latest version is 0.11.5
2021-03-16 09:25:34 App is up to date.
2021-03-16 10:25:34 Checking for update using Github
2021-03-16 10:25:34 Success.
2021-03-16 10:25:34 Latest version is 0.11.5
2021-03-16 10:25:34 App is up to date.
2021-03-16 11:25:34 Checking for update using Github
2021-03-16 11:25:34 Success.
2021-03-16 11:25:34 Latest version is 0.11.5
2021-03-16 11:25:34 App is up to date.
2021-03-16 12:16:23 Loading main app package /tmp/.mount_obsidi3hzvda/resources/obsidian.asar
2021-03-16 12:16:24 Checking for update using Github
2021-03-16 12:16:24 Success.
2021-03-16 12:16:24 Latest version is 0.11.5
2021-03-16 12:16:24 App is up to date.
2021-03-16 13:02:03 Loading main app package /tmp/.mount_obsidi5zD2yG/resources/obsidian.asar
2021-03-16 13:02:03 Checking for update using Github
2021-03-16 13:02:03 Success.
2021-03-16 13:02:03 Latest version is 0.11.5
2021-03-16 13:02:03 App is up to date.
2021-03-16 14:02:03 Checking for update using Github
2021-03-16 14:02:03 Success.
2021-03-16 14:02:03 Latest version is 0.11.5
2021-03-16 14:02:03 App is up to date.
2021-03-16 15:02:03 Checking for update using Github
2021-03-16 15:02:03 Success.
2021-03-16 15:02:03 Latest version is 0.11.5
2021-03-16 15:02:03 App is up to date.
2021-03-16 16:02:03 Checking for update using Github
2021-03-16 16:02:03 Success.
2021-03-16 16:02:03 Latest version is 0.11.5
2021-03-16 16:02:03 App is up to date.
2021-03-16 17:02:03 Checking for update using Github
2021-03-16 17:02:03 Success.
2021-03-16 17:02:03 Latest version is 0.11.5
2021-03-16 17:02:03 App is up to date.
2021-03-16 18:02:03 Checking for update using Github
2021-03-16 18:02:03 Success.
2021-03-16 18:02:03 Latest version is 0.11.5
2021-03-16 18:02:03 App is up to date.
2021-03-16 19:02:03 Checking for update using Github
2021-03-16 19:02:03 Success.
2021-03-16 19:02:03 Latest version is 0.11.5
2021-03-16 19:02:03 App is up to date.
2021-03-16 20:02:03 Checking for update using Github
2021-03-16 20:02:03 Success.
2021-03-16 20:02:03 Latest version is 0.11.5
2021-03-16 20:02:03 App is up to date.
2021-03-16 21:02:03 Checking for update using Github
2021-03-16 21:02:03 Success.
2021-03-16 21:02:03 Latest version is 0.11.5
2021-03-16 21:02:03 App is up to date.
2021-03-16 22:02:03 Checking for update using Github
2021-03-16 22:02:03 Success.
2021-03-16 22:02:03 Latest version is 0.11.5
2021-03-16 22:02:03 App is up to date.
2021-03-16 23:02:03 Checking for update using Github
2021-03-16 23:02:03 Success.
2021-03-16 23:02:03 Latest version is 0.11.5
2021-03-16 23:02:03 App is up to date.
2021-03-17 00:02:03 Checking for update using Github
2021-03-17 00:02:03 Success.
2021-03-17 00:02:03 Latest version is 0.11.5
2021-03-17 00:02:03 App is up to date.
2021-03-17 01:02:03 Checking for update using Github
2021-03-17 01:02:04 Success.
2021-03-17 01:02:04 Latest version is 0.11.5
2021-03-17 01:02:04 App is up to date.
2021-03-17 02:02:04 Checking for update using Github
2021-03-17 02:02:04 Success.
2021-03-17 02:02:04 Latest version is 0.11.5
2021-03-17 02:02:04 App is up to date.
2021-03-17 03:02:04 Checking for update using Github
2021-03-17 03:02:04 Success.
2021-03-17 03:02:04 Latest version is 0.11.5
2021-03-17 03:02:04 App is up to date.
2021-03-17 04:02:04 Checking for update using Github
2021-03-17 04:02:04 Success.
2021-03-17 04:02:04 Latest version is 0.11.5
2021-03-17 04:02:04 App is up to date.
2021-03-17 05:02:04 Checking for update using Github
2021-03-17 05:02:04 Success.
2021-03-17 05:02:04 Latest version is 0.11.5
2021-03-17 05:02:04 App is up to date.
2021-03-17 06:02:04 Checking for update using Github
2021-03-17 06:02:04 Success.
2021-03-17 06:02:04 Latest version is 0.11.5
2021-03-17 06:02:04 App is up to date.
2021-03-17 07:02:04 Checking for update using Github
2021-03-17 07:02:04 Success.
2021-03-17 07:02:04 Latest version is 0.11.5
2021-03-17 07:02:04 App is up to date.
2021-03-17 08:02:04 Checking for update using Github
2021-03-17 08:02:04 Success.
2021-03-17 08:02:04 Latest version is 0.11.5
2021-03-17 08:02:04 App is up to date.
2021-03-17 09:02:04 Checking for update using Github
2021-03-17 09:02:04 Success.
2021-03-17 09:02:04 Latest version is 0.11.5
2021-03-17 09:02:04 App is up to date.
2021-03-17 10:02:04 Checking for update using Github
2021-03-17 10:02:04 Success.
2021-03-17 10:02:04 Latest version is 0.11.5
2021-03-17 10:02:04 App is up to date.
2021-03-17 11:02:04 Checking for update using Github
2021-03-17 11:02:05 Success.
2021-03-17 11:02:05 Latest version is 0.11.5
2021-03-17 11:02:05 App is up to date.
2021-03-17 12:02:04 Checking for update using Github
2021-03-17 12:02:04 Success.
2021-03-17 12:02:04 Latest version is 0.11.5
2021-03-17 12:02:04 App is up to date.
2021-03-17 13:02:04 Checking for update using Github
2021-03-17 13:02:05 Success.
2021-03-17 13:02:05 Latest version is 0.11.5
2021-03-17 13:02:05 App is up to date.
2021-03-17 14:02:05 Checking for update using Github
2021-03-17 14:02:05 Success.
2021-03-17 14:02:05 Latest version is 0.11.5
2021-03-17 14:02:05 App is up to date.
2021-03-17 15:02:05 Checking for update using Github
2021-03-17 15:02:05 Success.
2021-03-17 15:02:05 Latest version is 0.11.5
2021-03-17 15:02:05 App is up to date.
2021-03-17 20:11:07 Loading main app package /tmp/.mount_obsidia6ziqJ/resources/obsidian.asar
2021-03-17 20:11:07 Checking for update using Github
2021-03-17 20:11:07 Success.
2021-03-17 20:11:07 Latest version is 0.11.5
2021-03-17 20:11:07 App is up to date.
2021-03-17 21:11:07 Checking for update using Github
2021-03-17 21:11:07 Failed to check for update using Github (net::ERR_INTERNET_DISCONNECTED)
2021-03-17 21:11:07 Checking for update using obsidian.md
2021-03-17 21:11:07 Failed to check for update using obsidian.md (net::ERR_INTERNET_DISCONNECTED)
2021-03-18 14:38:46 Loading main app package /tmp/.mount_obsidieAofYB/resources/obsidian.asar
2021-03-18 14:38:47 Checking for update using Github
2021-03-18 14:38:47 Success.
2021-03-18 14:38:47 Latest version is 0.11.5
2021-03-18 14:38:47 App is up to date.
2021-03-18 15:38:46 Checking for update using Github
2021-03-18 15:38:46 Success.
2021-03-18 15:38:46 Latest version is 0.11.5
2021-03-18 15:38:46 App is up to date.
2021-03-18 16:02:51 Loading main app package /tmp/.mount_obsidiC1TzXw/resources/obsidian.asar
2021-03-18 16:02:52 Checking for update using Github
2021-03-18 16:02:52 Success.
2021-03-18 16:02:52 Latest version is 0.11.5
2021-03-18 16:02:52 App is up to date.
2021-03-18 17:02:52 Checking for update using Github
2021-03-18 17:02:52 Success.
2021-03-18 17:02:52 Latest version is 0.11.5
2021-03-18 17:02:52 App is up to date.
2021-03-18 18:02:52 Checking for update using Github
2021-03-18 18:02:52 Success.
2021-03-18 18:02:52 Latest version is 0.11.5
2021-03-18 18:02:52 App is up to date.
2021-03-18 19:02:52 Checking for update using Github
2021-03-18 19:02:52 Success.
2021-03-18 19:02:52 Latest version is 0.11.5
2021-03-18 19:02:52 App is up to date.
2021-03-18 20:02:52 Checking for update using Github
2021-03-18 20:02:52 Success.
2021-03-18 20:02:52 Latest version is 0.11.5
2021-03-18 20:02:52 App is up to date.
2021-03-18 21:02:52 Checking for update using Github
2021-03-18 21:02:52 Success.
2021-03-18 21:02:52 Latest version is 0.11.5
2021-03-18 21:02:52 App is up to date.
2021-03-18 22:02:52 Checking for update using Github
2021-03-18 22:02:52 Success.
2021-03-18 22:02:52 Latest version is 0.11.5
2021-03-18 22:02:52 App is up to date.
2021-03-18 23:02:52 Checking for update using Github
2021-03-18 23:02:52 Success.
2021-03-18 23:02:52 Latest version is 0.11.5
2021-03-18 23:02:52 App is up to date.
2021-03-19 00:02:52 Checking for update using Github
2021-03-19 00:02:52 Success.
2021-03-19 00:02:52 Latest version is 0.11.5
2021-03-19 00:02:52 App is up to date.
2021-03-19 01:02:52 Checking for update using Github
2021-03-19 01:02:52 Success.
2021-03-19 01:02:52 Latest version is 0.11.5
2021-03-19 01:02:52 App is up to date.
2021-03-19 02:02:52 Checking for update using Github
2021-03-19 02:02:52 Success.
2021-03-19 02:02:52 Latest version is 0.11.5
2021-03-19 02:02:52 App is up to date.
2021-03-19 03:02:52 Checking for update using Github
2021-03-19 03:02:52 Success.
2021-03-19 03:02:52 Latest version is 0.11.5
2021-03-19 03:02:52 App is up to date.
2021-03-19 04:02:52 Checking for update using Github
2021-03-19 04:02:52 Success.
2021-03-19 04:02:52 Latest version is 0.11.5
2021-03-19 04:02:52 App is up to date.
2021-03-19 05:02:52 Checking for update using Github
2021-03-19 05:02:53 Success.
2021-03-19 05:02:53 Latest version is 0.11.5
2021-03-19 05:02:53 App is up to date.
2021-03-19 06:02:52 Checking for update using Github
2021-03-19 06:02:53 Success.
2021-03-19 06:02:53 Latest version is 0.11.5
2021-03-19 06:02:53 App is up to date.
2021-03-19 07:02:53 Checking for update using Github
2021-03-19 07:02:53 Success.
2021-03-19 07:02:53 Latest version is 0.11.5
2021-03-19 07:02:53 App is up to date.
2021-03-19 08:02:53 Checking for update using Github
2021-03-19 08:02:53 Success.
2021-03-19 08:02:53 Latest version is 0.11.5
2021-03-19 08:02:53 App is up to date.
2021-03-19 09:02:53 Checking for update using Github
2021-03-19 09:02:53 Success.
2021-03-19 09:02:53 Latest version is 0.11.5
2021-03-19 09:02:53 App is up to date.
2021-03-19 10:02:53 Checking for update using Github
2021-03-19 10:02:53 Success.
2021-03-19 10:02:53 Latest version is 0.11.5
2021-03-19 10:02:53 App is up to date.
2021-03-19 11:02:53 Checking for update using Github
2021-03-19 11:02:53 Success.
2021-03-19 11:02:53 Latest version is 0.11.5
2021-03-19 11:02:53 App is up to date.
2021-03-19 12:02:53 Checking for update using Github
2021-03-19 12:02:53 Success.
2021-03-19 12:02:53 Latest version is 0.11.5
2021-03-19 12:02:53 App is up to date.
2021-03-19 13:02:53 Checking for update using Github
2021-03-19 13:02:53 Success.
2021-03-19 13:02:53 Latest version is 0.11.5
2021-03-19 13:02:53 App is up to date.
2021-03-19 14:02:53 Checking for update using Github
2021-03-19 14:02:53 Success.
2021-03-19 14:02:53 Latest version is 0.11.5
2021-03-19 14:02:53 App is up to date.
2021-03-19 15:02:53 Checking for update using Github
2021-03-19 15:02:53 Success.
2021-03-19 15:02:53 Latest version is 0.11.5
2021-03-19 15:02:53 App is up to date.
2021-03-19 16:02:53 Checking for update using Github
2021-03-19 16:02:53 Success.
2021-03-19 16:02:53 Latest version is 0.11.5
2021-03-19 16:02:53 App is up to date.
2021-03-19 17:02:53 Checking for update using Github
2021-03-19 17:02:54 Success.
2021-03-19 17:02:54 Latest version is 0.11.5
2021-03-19 17:02:54 App is up to date.
2021-03-19 18:02:54 Checking for update using Github
2021-03-19 18:02:54 Success.
2021-03-19 18:02:54 Latest version is 0.11.5
2021-03-19 18:02:54 App is up to date.
2021-03-19 19:02:54 Checking for update using Github
2021-03-19 19:02:54 Success.
2021-03-19 19:02:54 Latest version is 0.11.5
2021-03-19 19:02:54 App is up to date.
2021-03-19 20:02:54 Checking for update using Github
2021-03-19 20:02:54 Success.
2021-03-19 20:02:54 Latest version is 0.11.5
2021-03-19 20:02:54 App is up to date.
2021-03-19 21:02:54 Checking for update using Github
2021-03-19 21:02:54 Success.
2021-03-19 21:02:54 Latest version is 0.11.5
2021-03-19 21:02:54 App is up to date.
2021-03-19 22:02:54 Checking for update using Github
2021-03-19 22:02:54 Success.
2021-03-19 22:02:54 Latest version is 0.11.5
2021-03-19 22:02:54 App is up to date.
2021-03-19 23:02:54 Checking for update using Github
2021-03-19 23:02:54 Failed to check for update using Github (net::ERR_INTERNET_DISCONNECTED)
2021-03-19 23:02:54 Checking for update using obsidian.md
2021-03-19 23:02:54 Failed to check for update using obsidian.md (net::ERR_INTERNET_DISCONNECTED)
2021-03-20 00:02:54 Checking for update using Github
2021-03-20 00:02:54 Failed to check for update using Github (net::ERR_INTERNET_DISCONNECTED)
2021-03-20 00:02:54 Checking for update using obsidian.md
2021-03-20 00:02:54 Failed to check for update using obsidian.md (net::ERR_INTERNET_DISCONNECTED)
2021-03-20 04:02:25 Loading main app package /tmp/.mount_obsidiBL69H6/resources/obsidian.asar
2021-03-20 04:02:26 Checking for update using Github
2021-03-20 04:02:26 Success.
2021-03-20 04:02:26 Latest version is 0.11.5
2021-03-20 04:02:26 App is up to date.
2021-03-25 17:44:51 Loading main app package /tmp/.mount_obsidiK4ZeF6/resources/obsidian.asar
2021-03-25 17:44:51 Checking for update using Github
2021-03-25 17:44:52 Success.
2021-03-25 17:44:52 Latest version is 0.11.5
2021-03-25 17:44:52 App is up to date.
2021-03-25 18:44:51 Checking for update using Github
2021-03-25 18:44:51 Success.
2021-03-25 18:44:51 Latest version is 0.11.5
2021-03-25 18:44:51 App is up to date.
2021-03-25 19:44:51 Checking for update using Github
2021-03-25 19:44:51 Success.
2021-03-25 19:44:51 Latest version is 0.11.5
2021-03-25 19:44:51 App is up to date.
2021-03-25 20:44:51 Checking for update using Github
2021-03-25 20:44:51 Success.
2021-03-25 20:44:51 Latest version is 0.11.5
2021-03-25 20:44:51 App is up to date.
2021-03-25 21:44:51 Checking for update using Github
2021-03-25 21:44:51 Success.
2021-03-25 21:44:51 Latest version is 0.11.5
2021-03-25 21:44:51 App is up to date.
2021-03-25 22:44:51 Checking for update using Github
2021-03-25 22:44:52 Success.
2021-03-25 22:44:52 Latest version is 0.11.5
2021-03-25 22:44:52 App is up to date.
2021-03-25 23:44:52 Checking for update using Github
2021-03-25 23:44:52 Success.
2021-03-25 23:44:52 Latest version is 0.11.5
2021-03-25 23:44:52 App is up to date.
2021-03-26 00:44:52 Checking for update using Github
2021-03-26 00:44:52 Success.
2021-03-26 00:44:52 Latest version is 0.11.5
2021-03-26 00:44:52 App is up to date.
2021-03-26 01:44:52 Checking for update using Github
2021-03-26 01:44:52 Success.
2021-03-26 01:44:52 Latest version is 0.11.5
2021-03-26 01:44:52 App is up to date.
2021-03-26 02:44:52 Checking for update using Github
2021-03-26 02:44:52 Success.
2021-03-26 02:44:52 Latest version is 0.11.5
2021-03-26 02:44:52 App is up to date.
2021-03-26 03:44:52 Checking for update using Github
2021-03-26 03:44:52 Success.
2021-03-26 03:44:52 Latest version is 0.11.5
2021-03-26 03:44:52 App is up to date.
2021-03-26 04:44:52 Checking for update using Github
2021-03-26 04:44:52 Success.
2021-03-26 04:44:52 Latest version is 0.11.5
2021-03-26 04:44:52 App is up to date.
2021-03-26 05:44:52 Checking for update using Github
2021-03-26 05:44:52 Success.
2021-03-26 05:44:52 Latest version is 0.11.5
2021-03-26 05:44:52 App is up to date.
2021-03-26 06:44:52 Checking for update using Github
2021-03-26 06:44:52 Success.
2021-03-26 06:44:52 Latest version is 0.11.5
2021-03-26 06:44:52 App is up to date.
2021-03-26 07:44:52 Checking for update using Github
2021-03-26 07:44:52 Success.
2021-03-26 07:44:52 Latest version is 0.11.5
2021-03-26 07:44:52 App is up to date.
2021-03-26 08:44:52 Checking for update using Github
2021-03-26 08:44:52 Success.
2021-03-26 08:44:52 Latest version is 0.11.5
2021-03-26 08:44:52 App is up to date.
2021-03-26 09:44:52 Checking for update using Github
2021-03-26 09:44:52 Success.
2021-03-26 09:44:52 Latest version is 0.11.5
2021-03-26 09:44:52 App is up to date.
2021-03-26 10:44:52 Checking for update using Github
2021-03-26 10:44:53 Success.
2021-03-26 10:44:53 Latest version is 0.11.5
2021-03-26 10:44:53 App is up to date.
2021-03-26 11:44:53 Checking for update using Github
2021-03-26 11:44:53 Success.
2021-03-26 11:44:53 Latest version is 0.11.5
2021-03-26 11:44:53 App is up to date.
2021-03-26 12:44:53 Checking for update using Github
2021-03-26 12:44:53 Success.
2021-03-26 12:44:53 Latest version is 0.11.5
2021-03-26 12:44:53 App is up to date.
2021-03-26 13:44:53 Checking for update using Github
2021-03-26 13:44:53 Success.
2021-03-26 13:44:53 Latest version is 0.11.5
2021-03-26 13:44:53 App is up to date.
2021-03-26 14:44:53 Checking for update using Github
2021-03-26 14:44:53 Success.
2021-03-26 14:44:53 Latest version is 0.11.5
2021-03-26 14:44:53 App is up to date.
2021-03-26 15:44:53 Checking for update using Github
2021-03-26 15:44:53 Success.
2021-03-26 15:44:53 Latest version is 0.11.5
2021-03-26 15:44:53 App is up to date.
2021-03-26 16:44:53 Checking for update using Github
2021-03-26 16:44:53 Success.
2021-03-26 16:44:53 Latest version is 0.11.5
2021-03-26 16:44:53 App is up to date.
2021-03-26 17:44:53 Checking for update using Github
2021-03-26 17:44:53 Success.
2021-03-26 17:44:53 Latest version is 0.11.5
2021-03-26 17:44:53 App is up to date.
2021-03-26 18:44:53 Checking for update using Github
2021-03-26 18:44:53 Success.
2021-03-26 18:44:53 Latest version is 0.11.5
2021-03-26 18:44:53 App is up to date.
2021-03-26 19:44:53 Checking for update using Github
2021-03-26 19:44:53 Success.
2021-03-26 19:44:53 Latest version is 0.11.5
2021-03-26 19:44:53 App is up to date.
2021-03-26 20:44:53 Checking for update using Github
2021-03-26 20:44:53 Success.
2021-03-26 20:44:53 Latest version is 0.11.5
2021-03-26 20:44:53 App is up to date.
2021-03-26 21:44:53 Checking for update using Github
2021-03-26 21:44:54 Success.
2021-03-26 21:44:54 Latest version is 0.11.9
2021-03-26 21:44:54 Downloading update from https://github.com/obsidianmd/obsidian-releases/releases/download/v0.11.9/obsidian-0.11.9.asar.gz
2021-03-26 21:44:54 Verifying hash & signature
2021-03-26 21:44:54 Saving file
2021-03-26 21:44:54 Update complete.
2021-03-26 22:44:54 Checking for update using Github
2021-03-26 22:44:54 Success.
2021-03-26 22:44:54 Latest version is 0.11.9
2021-03-26 22:44:54 An update is already downloaded.
2021-03-26 23:44:54 Checking for update using Github
2021-03-26 23:44:54 Success.
2021-03-26 23:44:54 Latest version is 0.11.9
2021-03-26 23:44:54 An update is already downloaded.
2021-03-27 00:44:54 Checking for update using Github
2021-03-27 00:44:54 Success.
2021-03-27 00:44:54 Latest version is 0.11.9
2021-03-27 00:44:54 An update is already downloaded.
2021-03-27 01:44:54 Checking for update using Github
2021-03-27 01:44:54 Success.
2021-03-27 01:44:54 Latest version is 0.11.9
2021-03-27 01:44:54 An update is already downloaded.
2021-03-27 02:44:54 Checking for update using Github
2021-03-27 02:44:54 Success.
2021-03-27 02:44:54 Latest version is 0.11.9
2021-03-27 02:44:54 An update is already downloaded.
2021-03-27 03:44:54 Checking for update using Github
2021-03-27 03:44:54 Success.
2021-03-27 03:44:54 Latest version is 0.11.9
2021-03-27 03:44:54 An update is already downloaded.
2021-03-27 04:44:54 Checking for update using Github
2021-03-27 04:44:54 Success.
2021-03-27 04:44:54 Latest version is 0.11.9
2021-03-27 04:44:54 An update is already downloaded.
2021-03-27 05:44:54 Checking for update using Github
2021-03-27 05:44:54 Success.
2021-03-27 05:44:54 Latest version is 0.11.9
2021-03-27 05:44:54 An update is already downloaded.
2021-03-27 06:44:54 Checking for update using Github
2021-03-27 06:44:54 Success.
2021-03-27 06:44:54 Latest version is 0.11.9
2021-03-27 06:44:54 An update is already downloaded.
2021-03-27 07:44:54 Checking for update using Github
2021-03-27 07:44:54 Success.
2021-03-27 07:44:54 Latest version is 0.11.9
2021-03-27 07:44:54 An update is already downloaded.
2021-03-27 08:44:54 Checking for update using Github
2021-03-27 08:44:54 Success.
2021-03-27 08:44:54 Latest version is 0.11.9
2021-03-27 08:44:54 An update is already downloaded.
2021-03-27 09:44:55 Checking for update using Github
2021-03-27 09:44:55 Success.
2021-03-27 09:44:55 Latest version is 0.11.9
2021-03-27 09:44:55 An update is already downloaded.
2021-03-27 10:44:55 Checking for update using Github
2021-03-27 10:44:55 Success.
2021-03-27 10:44:55 Latest version is 0.11.9
2021-03-27 10:44:55 An update is already downloaded.
2021-03-27 11:44:55 Checking for update using Github
2021-03-27 11:44:55 Success.
2021-03-27 11:44:55 Latest version is 0.11.9
2021-03-27 11:44:55 An update is already downloaded.
2021-03-27 12:44:55 Checking for update using Github
2021-03-27 12:44:55 Success.
2021-03-27 12:44:55 Latest version is 0.11.9
2021-03-27 12:44:55 An update is already downloaded.
2021-03-27 13:44:55 Checking for update using Github
2021-03-27 13:44:55 Success.
2021-03-27 13:44:55 Latest version is 0.11.9
2021-03-27 13:44:55 An update is already downloaded.
2021-03-27 14:44:55 Checking for update using Github
2021-03-27 14:44:55 Success.
2021-03-27 14:44:55 Latest version is 0.11.9
2021-03-27 14:44:55 An update is already downloaded.
2021-03-27 15:44:55 Checking for update using Github
2021-03-27 15:44:55 Success.
2021-03-27 15:44:55 Latest version is 0.11.9
2021-03-27 15:44:55 An update is already downloaded.
2021-03-27 16:44:55 Checking for update using Github
2021-03-27 16:44:55 Success.
2021-03-27 16:44:55 Latest version is 0.11.9
2021-03-27 16:44:55 An update is already downloaded.
2021-03-27 17:44:55 Checking for update using Github
2021-03-27 17:44:55 Success.
2021-03-27 17:44:55 Latest version is 0.11.9
2021-03-27 17:44:55 An update is already downloaded.
2021-03-27 18:44:55 Checking for update using Github
2021-03-27 18:44:55 Success.
2021-03-27 18:44:55 Latest version is 0.11.9
2021-03-27 18:44:55 An update is already downloaded.
2021-03-27 19:44:55 Checking for update using Github
2021-03-27 19:44:56 Success.
2021-03-27 19:44:56 Latest version is 0.11.9
2021-03-27 19:44:56 An update is already downloaded.
2021-03-27 20:44:56 Checking for update using Github
2021-03-27 20:44:56 Success.
2021-03-27 20:44:56 Latest version is 0.11.9
2021-03-27 20:44:56 An update is already downloaded.
2021-03-27 21:44:56 Checking for update using Github
2021-03-27 21:44:56 Success.
2021-03-27 21:44:56 Latest version is 0.11.9
2021-03-27 21:44:56 An update is already downloaded.
2021-03-27 22:44:56 Checking for update using Github
2021-03-27 22:44:56 Success.
2021-03-27 22:44:56 Latest version is 0.11.9
2021-03-27 22:44:56 An update is already downloaded.
2021-03-27 23:44:56 Checking for update using Github
2021-03-27 23:44:56 Success.
2021-03-27 23:44:56 Latest version is 0.11.9
2021-03-27 23:44:56 An update is already downloaded.
2021-03-28 13:31:10 Loading main app package /tmp/.mount_obsidihAUVUb/resources/obsidian.asar
2021-03-28 13:31:11 Checking for update using Github
2021-03-28 13:31:11 Success.
2021-03-28 13:31:11 Latest version is 0.11.9
2021-03-28 13:31:11 App is up to date.
2021-03-28 14:31:10 Checking for update using Github
2021-03-28 14:31:10 Success.
2021-03-28 14:31:10 Latest version is 0.11.9
2021-03-28 14:31:10 App is up to date.
2021-03-28 15:31:10 Checking for update using Github
2021-03-28 15:31:10 Success.
2021-03-28 15:31:10 Latest version is 0.11.9
2021-03-28 15:31:10 App is up to date.
2021-03-28 16:31:10 Checking for update using Github
2021-03-28 16:31:10 Success.
2021-03-28 16:31:10 Latest version is 0.11.9
2021-03-28 16:31:10 App is up to date.
2021-03-28 17:31:10 Checking for update using Github
2021-03-28 17:31:10 Success.
2021-03-28 17:31:10 Latest version is 0.11.9
2021-03-28 17:31:11 App is up to date.
2021-03-28 18:31:10 Checking for update using Github
2021-03-28 18:31:11 Success.
2021-03-28 18:31:11 Latest version is 0.11.9
2021-03-28 18:31:11 App is up to date.
2021-03-28 19:31:11 Checking for update using Github
2021-03-28 19:31:11 Success.
2021-03-28 19:31:11 Latest version is 0.11.9
2021-03-28 19:31:11 App is up to date.
2021-03-28 20:31:11 Checking for update using Github
2021-03-28 20:31:11 Success.
2021-03-28 20:31:11 Latest version is 0.11.9
2021-03-28 20:31:11 App is up to date.
2021-03-28 21:31:11 Checking for update using Github
2021-03-28 21:31:11 Success.
2021-03-28 21:31:11 Latest version is 0.11.9
2021-03-28 21:31:11 App is up to date.
2021-03-28 22:31:11 Checking for update using Github
2021-03-28 22:31:11 Success.
2021-03-28 22:31:11 Latest version is 0.11.9
2021-03-28 22:31:11 App is up to date.
2021-03-28 23:31:11 Checking for update using Github
2021-03-28 23:31:11 Success.
2021-03-28 23:31:11 Latest version is 0.11.9
2021-03-28 23:31:11 App is up to date.
2021-03-29 00:31:11 Checking for update using Github
2021-03-29 00:31:11 Success.
2021-03-29 00:31:11 Latest version is 0.11.9
2021-03-29 00:31:11 App is up to date.
2021-03-29 01:31:11 Checking for update using Github
2021-03-29 01:31:11 Success.
2021-03-29 01:31:11 Latest version is 0.11.9
2021-03-29 01:31:11 App is up to date.
2021-03-29 02:31:11 Checking for update using Github
2021-03-29 02:31:11 Success.
2021-03-29 02:31:11 Latest version is 0.11.9
2021-03-29 02:31:11 App is up to date.
2021-03-29 03:31:11 Checking for update using Github
2021-03-29 03:31:11 Success.
2021-03-29 03:31:11 Latest version is 0.11.9
2021-03-29 03:31:11 App is up to date.
2021-03-29 04:31:11 Checking for update using Github
2021-03-29 04:31:11 Success.
2021-03-29 04:31:11 Latest version is 0.11.9
2021-03-29 04:31:11 App is up to date.
2021-03-29 05:31:11 Checking for update using Github
2021-03-29 05:31:11 Success.
2021-03-29 05:31:11 Latest version is 0.11.9
2021-03-29 05:31:11 App is up to date.
2021-03-29 06:31:11 Checking for update using Github
2021-03-29 06:31:11 Success.
2021-03-29 06:31:11 Latest version is 0.11.9
2021-03-29 06:31:11 App is up to date.
2021-03-29 07:31:11 Checking for update using Github
2021-03-29 07:31:12 Success.
2021-03-29 07:31:12 Latest version is 0.11.9
2021-03-29 07:31:12 App is up to date.
2021-03-29 08:31:12 Checking for update using Github
2021-03-29 08:31:12 Success.
2021-03-29 08:31:12 Latest version is 0.11.9
2021-03-29 08:31:12 App is up to date.
2021-03-29 09:31:12 Checking for update using Github
2021-03-29 09:31:12 Success.
2021-03-29 09:31:12 Latest version is 0.11.9
2021-03-29 09:31:12 App is up to date.
2021-03-29 10:31:12 Checking for update using Github
2021-03-29 10:31:12 Success.
2021-03-29 10:31:12 Latest version is 0.11.9
2021-03-29 10:31:12 App is up to date.
2021-03-29 11:31:12 Checking for update using Github
2021-03-29 11:31:12 Success.
2021-03-29 11:31:12 Latest version is 0.11.9
2021-03-29 11:31:12 App is up to date.
2021-03-29 12:31:12 Checking for update using Github
2021-03-29 12:31:12 Success.
2021-03-29 12:31:12 Latest version is 0.11.9
2021-03-29 12:31:12 App is up to date.
2021-03-29 13:31:12 Checking for update using Github
2021-03-29 13:31:12 Success.
2021-03-29 13:31:12 Latest version is 0.11.9
2021-03-29 13:31:12 App is up to date.
2021-03-29 14:31:12 Checking for update using Github
2021-03-29 14:31:12 Success.
2021-03-29 14:31:12 Latest version is 0.11.9
2021-03-29 14:31:12 App is up to date.
2021-03-29 15:31:12 Checking for update using Github
2021-03-29 15:31:12 Success.
2021-03-29 15:31:12 Latest version is 0.11.9
2021-03-29 15:31:12 App is up to date.
2021-03-29 16:31:12 Checking for update using Github
2021-03-29 16:31:12 Success.
2021-03-29 16:31:12 Latest version is 0.11.9
2021-03-29 16:31:12 App is up to date.
2021-03-29 17:31:12 Checking for update using Github
2021-03-29 17:31:12 Success.
2021-03-29 17:31:12 Latest version is 0.11.9
2021-03-29 17:31:12 App is up to date.
2021-03-29 18:31:12 Checking for update using Github
2021-03-29 18:31:13 Success.
2021-03-29 18:31:13 Latest version is 0.11.9
2021-03-29 18:31:13 App is up to date.
2021-03-29 19:31:13 Checking for update using Github
2021-03-29 19:31:13 Success.
2021-03-29 19:31:13 Latest version is 0.11.9
2021-03-29 19:31:13 App is up to date.
2021-03-29 20:31:13 Checking for update using Github
2021-03-29 20:31:13 Success.
2021-03-29 20:31:13 Latest version is 0.11.9
2021-03-29 20:31:13 App is up to date.
2021-03-29 21:31:13 Checking for update using Github
2021-03-29 21:31:13 Success.
2021-03-29 21:31:13 Latest version is 0.11.9
2021-03-29 21:31:13 App is up to date.
2021-03-29 22:31:13 Checking for update using Github
2021-03-29 22:31:13 Success.
2021-03-29 22:31:13 Latest version is 0.11.9
2021-03-29 22:31:13 App is up to date.
2021-03-29 23:31:13 Checking for update using Github
2021-03-29 23:31:13 Success.
2021-03-29 23:31:13 Latest version is 0.11.9
2021-03-29 23:31:13 App is up to date.
2021-03-30 00:31:13 Checking for update using Github
2021-03-30 00:31:13 Success.
2021-03-30 00:31:13 Latest version is 0.11.9
2021-03-30 00:31:13 App is up to date.
2021-03-30 01:31:13 Checking for update using Github
2021-03-30 01:31:13 Success.
2021-03-30 01:31:13 Latest version is 0.11.9
2021-03-30 01:31:13 App is up to date.
2021-03-30 02:31:13 Checking for update using Github
2021-03-30 02:31:13 Success.
2021-03-30 02:31:13 Latest version is 0.11.9
2021-03-30 02:31:13 App is up to date.
2021-03-30 03:31:13 Checking for update using Github
2021-03-30 03:31:13 Success.
2021-03-30 03:31:13 Latest version is 0.11.9
2021-03-30 03:31:13 App is up to date.
2021-03-30 04:31:13 Checking for update using Github
2021-03-30 04:31:13 Success.
2021-03-30 04:31:13 Latest version is 0.11.9
2021-03-30 04:31:13 App is up to date.
2021-03-30 05:31:13 Checking for update using Github
2021-03-30 05:31:14 Success.
2021-03-30 05:31:14 Latest version is 0.11.9
2021-03-30 05:31:14 App is up to date.
2021-03-30 06:31:14 Checking for update using Github
2021-03-30 06:31:14 Success.
2021-03-30 06:31:14 Latest version is 0.11.9
2021-03-30 06:31:14 App is up to date.
2021-03-30 07:31:14 Checking for update using Github
2021-03-30 07:31:14 Success.
2021-03-30 07:31:14 Latest version is 0.11.9
2021-03-30 07:31:14 App is up to date.
2021-03-30 08:31:14 Checking for update using Github
2021-03-30 08:31:14 Success.
2021-03-30 08:31:14 Latest version is 0.11.9
2021-03-30 08:31:14 App is up to date.
2021-03-30 09:31:14 Checking for update using Github
2021-03-30 09:31:14 Success.
2021-03-30 09:31:14 Latest version is 0.11.9
2021-03-30 09:31:14 App is up to date.
2021-03-30 10:31:14 Checking for update using Github
2021-03-30 10:31:14 Success.
2021-03-30 10:31:14 Latest version is 0.11.9
2021-03-30 10:31:14 App is up to date.
2021-03-30 11:31:14 Checking for update using Github
2021-03-30 11:31:14 Success.
2021-03-30 11:31:14 Latest version is 0.11.9
2021-03-30 11:31:14 App is up to date.
2021-03-30 12:31:14 Checking for update using Github
2021-03-30 12:31:14 Success.
2021-03-30 12:31:14 Latest version is 0.11.9
2021-03-30 12:31:14 App is up to date.
2021-03-31 05:06:59 Loading main app package /tmp/.mount_obsidiiIE75G/resources/obsidian.asar
2021-03-31 05:06:59 Checking for update using Github
2021-03-31 05:06:59 Success.
2021-03-31 05:06:59 Latest version is 0.11.9
2021-03-31 05:06:59 App is up to date.
2021-04-02 17:25:05 Loading main app package /tmp/.mount_obsididtHlWN/resources/obsidian.asar
2021-04-02 17:25:06 Checking for update using Github
2021-04-02 17:25:06 Success.
2021-04-02 17:25:06 Latest version is 0.11.9
2021-04-02 17:25:06 App is up to date.
2021-04-02 19:30:50 Loading main app package /tmp/.mount_obsidiBmiCUn/resources/obsidian.asar
2021-04-02 19:30:50 Checking for update using Github
2021-04-02 19:30:51 Success.
2021-04-02 19:30:51 Latest version is 0.11.9
2021-04-02 19:30:51 App is up to date.
2021-04-07 01:18:58 Loading main app package /tmp/.mount_obsidiR40lGV/resources/obsidian.asar
2021-04-07 01:18:59 Checking for update using Github
2021-04-07 01:18:59 Success.
2021-04-07 01:18:59 Latest version is 0.11.13
2021-04-07 01:18:59 Downloading update from https://github.com/obsidianmd/obsidian-releases/releases/download/v0.11.13/obsidian-0.11.13.asar.gz
2021-04-07 01:19:01 Verifying hash & signature
2021-04-07 01:19:01 Saving file
2021-04-07 01:19:01 Update complete.
2021-04-07 02:18:58 Checking for update using Github
2021-04-07 02:18:59 Success.
2021-04-07 02:18:59 Latest version is 0.11.13
2021-04-07 02:18:59 An update is already downloaded.
2021-04-07 03:18:58 Checking for update using Github
2021-04-07 03:18:59 Success.
2021-04-07 03:18:59 Latest version is 0.11.13
2021-04-07 03:18:59 An update is already downloaded.
2021-04-07 04:18:58 Checking for update using Github
2021-04-07 04:18:59 Success.
2021-04-07 04:18:59 Latest version is 0.11.13
2021-04-07 04:18:59 An update is already downloaded.
2021-04-07 05:18:58 Checking for update using Github
2021-04-07 05:18:59 Success.
2021-04-07 05:18:59 Latest version is 0.11.13
2021-04-07 05:18:59 An update is already downloaded.
2021-04-11 13:28:10 Loading main app package /tmp/.mount_obsidivBijeI/resources/obsidian.asar
2021-04-11 13:28:10 Checking for update using Github
2021-04-11 13:28:11 Success.
2021-04-11 13:28:11 Latest version is 0.11.13
2021-04-11 13:28:11 App is up to date.
2021-04-11 14:28:10 Checking for update using Github
2021-04-11 14:28:10 Success.
2021-04-11 14:28:10 Latest version is 0.11.13
2021-04-11 14:28:10 App is up to date.
2021-04-11 15:28:10 Checking for update using Github
2021-04-11 15:28:10 Success.
2021-04-11 15:28:10 Latest version is 0.11.13
2021-04-11 15:28:10 App is up to date.
2021-04-11 16:28:10 Checking for update using Github
2021-04-11 16:28:10 Success.
2021-04-11 16:28:10 Latest version is 0.11.13
2021-04-11 16:28:10 App is up to date.
2021-04-16 17:40:00 Loading main app package /tmp/.mount_obsidiJEGCt9/resources/obsidian.asar
2021-04-16 17:40:01 Checking for update using Github
2021-04-16 17:40:01 Success.
2021-04-16 17:40:01 Latest version is 0.11.13
2021-04-16 17:40:01 App is up to date.
2021-04-20 07:21:16 Loading main app package /tmp/.mount_obsidib73z86/resources/obsidian.asar
2021-04-20 07:21:17 Checking for update using Github
2021-04-20 07:21:17 Success.
2021-04-20 07:21:17 Latest version is 0.11.13
2021-04-20 07:21:17 App is up to date.
2021-04-20 08:21:16 Checking for update using Github
2021-04-20 08:21:16 Success.
2021-04-20 08:21:16 Latest version is 0.11.13
2021-04-20 08:21:16 App is up to date.
2021-04-20 17:25:27 Loading main app package /tmp/.mount_obsidiytB8sQ/resources/obsidian.asar
2021-04-20 17:25:27 Checking for update using Github
2021-04-20 17:25:27 Success.
2021-04-20 17:25:27 Latest version is 0.11.13
2021-04-20 17:25:27 App is up to date.
2021-04-20 17:25:28 Checking for update using Github
2021-04-20 17:27:41 Loading main app package /tmp/.mount_obsidiEY1ofp/resources/obsidian.asar
2021-04-20 17:27:42 Checking for update using Github
2021-04-22 18:28:27 Loading main app package /tmp/.mount_obsidiSLFQtY/resources/obsidian.asar
2021-04-22 18:28:28 Checking for update using Github
2021-04-22 18:28:28 Success.
2021-04-22 18:28:28 Latest version is 0.11.13
2021-04-22 18:28:28 App is up to date.
2021-04-22 19:28:27 Checking for update using Github
2021-04-22 19:28:27 Success.
2021-04-22 19:28:27 Latest version is 0.11.13
2021-04-22 19:28:27 App is up to date.
2021-04-22 20:28:27 Checking for update using Github
2021-04-22 20:28:27 Success.
2021-04-22 20:28:27 Latest version is 0.11.13
2021-04-22 20:28:27 App is up to date.
2021-04-22 21:28:27 Checking for update using Github
2021-04-22 21:28:27 Success.
2021-04-22 21:28:27 Latest version is 0.11.13
2021-04-22 21:28:27 App is up to date.
2021-04-22 22:28:27 Checking for update using Github
2021-04-22 22:28:27 Success.
2021-04-22 22:28:27 Latest version is 0.11.13
2021-04-22 22:28:27 App is up to date.
2021-04-22 23:28:27 Checking for update using Github
2021-04-22 23:28:27 Success.
2021-04-22 23:28:27 Latest version is 0.11.13
2021-04-22 23:28:27 App is up to date.
2021-04-23 00:28:27 Checking for update using Github
2021-04-23 00:28:28 Success.
2021-04-23 00:28:28 Latest version is 0.11.13
2021-04-23 00:28:28 App is up to date.
2021-04-23 01:28:28 Checking for update using Github
2021-04-23 01:28:28 Success.
2021-04-23 01:28:28 Latest version is 0.11.13
2021-04-23 01:28:28 App is up to date.
2021-04-23 02:28:28 Checking for update using Github
2021-04-23 02:28:28 Success.
2021-04-23 02:28:28 Latest version is 0.11.13
2021-04-23 02:28:28 App is up to date.
2021-04-23 03:28:28 Checking for update using Github
2021-04-23 03:28:28 Success.
2021-04-23 03:28:28 Latest version is 0.11.13
2021-04-23 03:28:28 App is up to date.
2021-04-23 04:28:28 Checking for update using Github
2021-04-23 04:28:28 Success.
2021-04-23 04:28:28 Latest version is 0.11.13
2021-04-23 04:28:28 App is up to date.
2021-04-23 05:28:28 Checking for update using Github
2021-04-23 05:28:28 Success.
2021-04-23 05:28:28 Latest version is 0.11.13
2021-04-23 05:28:28 App is up to date.
2021-04-23 06:28:28 Checking for update using Github
2021-04-23 06:28:28 Success.
2021-04-23 06:28:28 Latest version is 0.11.13
2021-04-23 06:28:28 App is up to date.
2021-04-23 07:28:28 Checking for update using Github
2021-04-23 07:28:28 Success.
2021-04-23 07:28:28 Latest version is 0.11.13
2021-04-23 07:28:28 App is up to date.
2021-04-23 08:28:28 Checking for update using Github
2021-04-23 08:28:28 Success.
2021-04-23 08:28:28 Latest version is 0.11.13
2021-04-23 08:28:28 App is up to date.
2021-04-23 09:28:28 Checking for update using Github
2021-04-23 09:28:28 Success.
2021-04-23 09:28:28 Latest version is 0.11.13
2021-04-23 09:28:28 App is up to date.
2021-04-23 10:28:28 Checking for update using Github
2021-04-23 10:28:28 Success.
2021-04-23 10:28:28 Latest version is 0.11.13
2021-04-23 10:28:28 App is up to date.
2021-04-23 11:28:28 Checking for update using Github
2021-04-23 11:28:28 Success.
2021-04-23 11:28:28 Latest version is 0.11.13
2021-04-23 11:28:28 App is up to date.
2021-04-23 12:28:28 Checking for update using Github
2021-04-23 12:28:28 Success.
2021-04-23 12:28:28 Latest version is 0.11.13
2021-04-23 12:28:28 App is up to date.
2021-04-25 18:12:41 Loading main app package /tmp/.mount_obsidiJ5XpIV/resources/obsidian.asar
2021-04-25 18:12:42 Checking for update using Github
2021-04-25 18:12:43 Success.
2021-04-25 18:12:43 Latest version is 0.11.13
2021-04-25 18:12:43 App is up to date.
2021-04-25 19:12:42 Checking for update using Github
2021-04-25 19:12:42 Success.
2021-04-25 19:12:42 Latest version is 0.11.13
2021-04-25 19:12:42 App is up to date.
2021-04-26 23:39:19 Loading main app package /tmp/.mount_obsidi0s529k/resources/obsidian.asar
2021-04-26 23:39:20 Checking for update using Github
2021-04-26 23:39:20 Success.
2021-04-26 23:39:20 Latest version is 0.11.13
2021-04-26 23:39:20 App is up to date.
