1626103902.057026 client started (30881): version 3.2a, socket /tmp/tmux-1000/default, protocol 8
1626103902.057086 on Linux 5.12.15-zen1-1-zen #1 ZEN SMP PREEMPT Wed, 07 Jul 2021 23:35:33 +0000
1626103902.057142 using libevent 2.1.12-stable (poll); ncurses 6.2
1626103902.057179 flags are 0x18010000
1626103902.057195 socket is /tmp/tmux-1000/default
1626103902.057212 trying connect
1626103902.057233 connect failed: No such file or directory
1626103902.057250 lock file is /tmp/tmux-1000/default.lock
1626103902.057270 flock succeeded
1626103902.057300 got lock (6)
1626103902.057322 trying connect
1626103902.057344 connect failed: No such file or directory
1626103902.057487 add peer 0x557510922800: 7 ((nil))
1626103902.057853 sending message 100 to peer 0x557510922800 (4 bytes)
1626103902.057873 sending message 111 to peer 0x557510922800 (8 bytes)
1626103902.057890 sending message 101 to peer 0x557510922800 (12 bytes)
1626103902.057909 sending message 109 to peer 0x557510922800 (4 bytes)
1626103902.057926 sending message 102 to peer 0x557510922800 (11 bytes)
1626103902.057943 sending message 108 to peer 0x557510922800 (38 bytes)
1626103902.057961 sending message 112 to peer 0x557510922800 (70 bytes)
1626103902.057979 sending message 112 to peer 0x557510922800 (5 bytes)
1626103902.058003 sending message 112 to peer 0x557510922800 (6 bytes)
1626103902.058022 sending message 112 to peer 0x557510922800 (6 bytes)
1626103902.058039 sending message 112 to peer 0x557510922800 (10 bytes)
1626103902.058070 sending message 112 to peer 0x557510922800 (13 bytes)
1626103902.058089 sending message 112 to peer 0x557510922800 (14 bytes)
1626103902.058134 sending message 112 to peer 0x557510922800 (19 bytes)
1626103902.058167 sending message 112 to peer 0x557510922800 (11 bytes)
1626103902.058184 sending message 112 to peer 0x557510922800 (21 bytes)
1626103902.058202 sending message 112 to peer 0x557510922800 (13 bytes)
1626103902.058220 sending message 112 to peer 0x557510922800 (7 bytes)
1626103902.058238 sending message 112 to peer 0x557510922800 (13 bytes)
1626103902.058256 sending message 112 to peer 0x557510922800 (7 bytes)
1626103902.058273 sending message 112 to peer 0x557510922800 (13 bytes)
1626103902.058291 sending message 112 to peer 0x557510922800 (9 bytes)
1626103902.058309 sending message 112 to peer 0x557510922800 (21 bytes)
1626103902.058327 sending message 112 to peer 0x557510922800 (13 bytes)
1626103902.058344 sending message 112 to peer 0x557510922800 (9 bytes)
1626103902.058362 sending message 112 to peer 0x557510922800 (16 bytes)
1626103902.058379 sending message 112 to peer 0x557510922800 (13 bytes)
1626103902.058397 sending message 112 to peer 0x557510922800 (9 bytes)
1626103902.058417 sending message 112 to peer 0x557510922800 (9 bytes)
1626103902.058440 sending message 112 to peer 0x557510922800 (12 bytes)
1626103902.058458 sending message 112 to peer 0x557510922800 (8 bytes)
1626103902.058476 sending message 112 to peer 0x557510922800 (13 bytes)
1626103902.058494 sending message 112 to peer 0x557510922800 (7 bytes)
1626103902.058511 sending message 112 to peer 0x557510922800 (7 bytes)
1626103902.058529 sending message 112 to peer 0x557510922800 (9 bytes)
1626103902.058548 sending message 112 to peer 0x557510922800 (6 bytes)
1626103902.058565 sending message 112 to peer 0x557510922800 (9 bytes)
1626103902.058584 sending message 112 to peer 0x557510922800 (15 bytes)
1626103902.058603 sending message 112 to peer 0x557510922800 (13 bytes)
1626103902.058619 sending message 112 to peer 0x557510922800 (12 bytes)
1626103902.058636 sending message 112 to peer 0x557510922800 (8 bytes)
1626103902.058654 sending message 112 to peer 0x557510922800 (14 bytes)
1626103902.058672 sending message 112 to peer 0x557510922800 (9 bytes)
1626103902.058697 sending message 112 to peer 0x557510922800 (10 bytes)
1626103902.058714 sending message 112 to peer 0x557510922800 (10 bytes)
1626103902.058732 sending message 112 to peer 0x557510922800 (10 bytes)
1626103902.058750 sending message 112 to peer 0x557510922800 (10 bytes)
1626103902.058767 sending message 112 to peer 0x557510922800 (11 bytes)
1626103902.058800 sending message 112 to peer 0x557510922800 (12 bytes)
1626103902.058819 sending message 112 to peer 0x557510922800 (12 bytes)
1626103902.058838 sending message 112 to peer 0x557510922800 (12 bytes)
1626103902.058856 sending message 112 to peer 0x557510922800 (12 bytes)
1626103902.058874 sending message 112 to peer 0x557510922800 (12 bytes)
1626103902.058893 sending message 112 to peer 0x557510922800 (11 bytes)
1626103902.058911 sending message 112 to peer 0x557510922800 (11 bytes)
1626103902.058929 sending message 112 to peer 0x557510922800 (12 bytes)
1626103902.058946 sending message 112 to peer 0x557510922800 (12 bytes)
1626103902.058964 sending message 112 to peer 0x557510922800 (12 bytes)
1626103902.058982 sending message 112 to peer 0x557510922800 (12 bytes)
1626103902.059000 sending message 112 to peer 0x557510922800 (12 bytes)
1626103902.059018 sending message 112 to peer 0x557510922800 (9 bytes)
1626103902.059036 sending message 112 to peer 0x557510922800 (12 bytes)
1626103902.059053 sending message 112 to peer 0x557510922800 (13 bytes)
1626103902.059071 sending message 112 to peer 0x557510922800 (13 bytes)
1626103902.059089 sending message 112 to peer 0x557510922800 (13 bytes)
1626103902.059137 sending message 112 to peer 0x557510922800 (13 bytes)
1626103902.059156 sending message 112 to peer 0x557510922800 (13 bytes)
1626103902.059204 sending message 112 to peer 0x557510922800 (8 bytes)
1626103902.059223 sending message 112 to peer 0x557510922800 (11 bytes)
1626103902.059241 sending message 112 to peer 0x557510922800 (11 bytes)
1626103902.059259 sending message 112 to peer 0x557510922800 (11 bytes)
1626103902.059278 sending message 112 to peer 0x557510922800 (12 bytes)
1626103902.059297 sending message 112 to peer 0x557510922800 (12 bytes)
1626103902.059315 sending message 112 to peer 0x557510922800 (12 bytes)
1626103902.059332 sending message 112 to peer 0x557510922800 (12 bytes)
1626103902.059350 sending message 112 to peer 0x557510922800 (13 bytes)
1626103902.059368 sending message 112 to peer 0x557510922800 (13 bytes)
1626103902.059386 sending message 112 to peer 0x557510922800 (13 bytes)
1626103902.059405 sending message 112 to peer 0x557510922800 (8 bytes)
1626103902.059424 sending message 112 to peer 0x557510922800 (13 bytes)
1626103902.059474 sending message 112 to peer 0x557510922800 (13 bytes)
1626103902.059490 sending message 112 to peer 0x557510922800 (13 bytes)
1626103902.059505 sending message 112 to peer 0x557510922800 (13 bytes)
1626103902.059525 sending message 112 to peer 0x557510922800 (13 bytes)
1626103902.059541 sending message 112 to peer 0x557510922800 (12 bytes)
1626103902.059556 sending message 112 to peer 0x557510922800 (12 bytes)
1626103902.059574 sending message 112 to peer 0x557510922800 (12 bytes)
1626103902.059590 sending message 112 to peer 0x557510922800 (12 bytes)
1626103902.059604 sending message 112 to peer 0x557510922800 (13 bytes)
1626103902.059619 sending message 112 to peer 0x557510922800 (8 bytes)
1626103902.059634 sending message 112 to peer 0x557510922800 (13 bytes)
1626103902.059649 sending message 112 to peer 0x557510922800 (13 bytes)
1626103902.059664 sending message 112 to peer 0x557510922800 (13 bytes)
1626103902.059678 sending message 112 to peer 0x557510922800 (13 bytes)
1626103902.059693 sending message 112 to peer 0x557510922800 (13 bytes)
1626103902.059710 sending message 112 to peer 0x557510922800 (13 bytes)
1626103902.059724 sending message 112 to peer 0x557510922800 (13 bytes)
1626103902.059739 sending message 112 to peer 0x557510922800 (12 bytes)
1626103902.059754 sending message 112 to peer 0x557510922800 (12 bytes)
1626103902.059770 sending message 112 to peer 0x557510922800 (12 bytes)
1626103902.059785 sending message 112 to peer 0x557510922800 (8 bytes)
1626103902.059827 sending message 112 to peer 0x557510922800 (12 bytes)
1626103902.059851 sending message 112 to peer 0x557510922800 (13 bytes)
1626103902.059869 sending message 112 to peer 0x557510922800 (13 bytes)
1626103902.059888 sending message 112 to peer 0x557510922800 (13 bytes)
1626103902.059919 sending message 112 to peer 0x557510922800 (13 bytes)
1626103902.059936 sending message 112 to peer 0x557510922800 (13 bytes)
1626103902.059952 sending message 112 to peer 0x557510922800 (13 bytes)
1626103902.059968 sending message 112 to peer 0x557510922800 (13 bytes)
1626103902.059985 sending message 112 to peer 0x557510922800 (13 bytes)
1626103902.060001 sending message 112 to peer 0x557510922800 (12 bytes)
1626103902.060017 sending message 112 to peer 0x557510922800 (10 bytes)
1626103902.060033 sending message 112 to peer 0x557510922800 (12 bytes)
1626103902.060048 sending message 112 to peer 0x557510922800 (12 bytes)
1626103902.060064 sending message 112 to peer 0x557510922800 (12 bytes)
1626103902.060080 sending message 112 to peer 0x557510922800 (13 bytes)
1626103902.060099 sending message 112 to peer 0x557510922800 (13 bytes)
1626103902.060138 sending message 112 to peer 0x557510922800 (13 bytes)
1626103902.060155 sending message 112 to peer 0x557510922800 (13 bytes)
1626103902.060171 sending message 112 to peer 0x557510922800 (13 bytes)
1626103902.060187 sending message 112 to peer 0x557510922800 (13 bytes)
1626103902.060203 sending message 112 to peer 0x557510922800 (13 bytes)
1626103902.060218 sending message 112 to peer 0x557510922800 (10 bytes)
1626103902.060234 sending message 112 to peer 0x557510922800 (13 bytes)
1626103902.060253 sending message 112 to peer 0x557510922800 (12 bytes)
1626103902.060271 sending message 112 to peer 0x557510922800 (12 bytes)
1626103902.060288 sending message 112 to peer 0x557510922800 (12 bytes)
1626103902.060306 sending message 112 to peer 0x557510922800 (10 bytes)
1626103902.060323 sending message 112 to peer 0x557510922800 (10 bytes)
1626103902.060341 sending message 112 to peer 0x557510922800 (10 bytes)
1626103902.060359 sending message 112 to peer 0x557510922800 (12 bytes)
1626103902.060376 sending message 112 to peer 0x557510922800 (13 bytes)
1626103902.060394 sending message 112 to peer 0x557510922800 (13 bytes)
1626103902.060412 sending message 112 to peer 0x557510922800 (13 bytes)
1626103902.060429 sending message 112 to peer 0x557510922800 (13 bytes)
1626103902.060447 sending message 112 to peer 0x557510922800 (13 bytes)
1626103902.060464 sending message 112 to peer 0x557510922800 (10 bytes)
1626103902.060496 sending message 112 to peer 0x557510922800 (11 bytes)
1626103902.060514 sending message 112 to peer 0x557510922800 (12 bytes)
1626103902.060535 sending message 112 to peer 0x557510922800 (12 bytes)
1626103902.060551 sending message 112 to peer 0x557510922800 (12 bytes)
1626103902.060575 sending message 112 to peer 0x557510922800 (12 bytes)
1626103902.060594 sending message 112 to peer 0x557510922800 (12 bytes)
1626103902.060612 sending message 112 to peer 0x557510922800 (11 bytes)
1626103902.060630 sending message 112 to peer 0x557510922800 (12 bytes)
1626103902.060648 sending message 112 to peer 0x557510922800 (12 bytes)
1626103902.060666 sending message 112 to peer 0x557510922800 (13 bytes)
1626103902.060684 sending message 112 to peer 0x557510922800 (13 bytes)
1626103902.060702 sending message 112 to peer 0x557510922800 (13 bytes)
1626103902.060720 sending message 112 to peer 0x557510922800 (13 bytes)
1626103902.060738 sending message 112 to peer 0x557510922800 (13 bytes)
1626103902.060754 sending message 112 to peer 0x557510922800 (10 bytes)
1626103902.060772 sending message 112 to peer 0x557510922800 (9 bytes)
1626103902.060790 sending message 112 to peer 0x557510922800 (12 bytes)
1626103902.060813 sending message 112 to peer 0x557510922800 (13 bytes)
1626103902.060833 sending message 112 to peer 0x557510922800 (13 bytes)
1626103902.060850 sending message 112 to peer 0x557510922800 (13 bytes)
1626103902.060868 sending message 112 to peer 0x557510922800 (13 bytes)
1626103902.060886 sending message 112 to peer 0x557510922800 (13 bytes)
1626103902.060905 sending message 112 to peer 0x557510922800 (9 bytes)
1626103902.060923 sending message 112 to peer 0x557510922800 (12 bytes)
1626103902.060941 sending message 112 to peer 0x557510922800 (13 bytes)
1626103902.060972 sending message 112 to peer 0x557510922800 (13 bytes)
1626103902.060989 sending message 112 to peer 0x557510922800 (13 bytes)
1626103902.061007 sending message 112 to peer 0x557510922800 (13 bytes)
1626103902.061025 sending message 112 to peer 0x557510922800 (13 bytes)
1626103902.061044 sending message 112 to peer 0x557510922800 (11 bytes)
1626103902.061062 sending message 112 to peer 0x557510922800 (12 bytes)
1626103902.061078 sending message 112 to peer 0x557510922800 (13 bytes)
1626103902.061100 sending message 112 to peer 0x557510922800 (13 bytes)
1626103902.061118 sending message 112 to peer 0x557510922800 (13 bytes)
1626103902.061136 sending message 112 to peer 0x557510922800 (13 bytes)
1626103902.061154 sending message 112 to peer 0x557510922800 (13 bytes)
1626103902.061173 sending message 112 to peer 0x557510922800 (11 bytes)
1626103902.061190 sending message 112 to peer 0x557510922800 (12 bytes)
1626103902.061209 sending message 112 to peer 0x557510922800 (12 bytes)
1626103902.061226 sending message 112 to peer 0x557510922800 (12 bytes)
1626103902.061244 sending message 112 to peer 0x557510922800 (12 bytes)
1626103902.061261 sending message 112 to peer 0x557510922800 (12 bytes)
1626103902.061277 sending message 112 to peer 0x557510922800 (12 bytes)
1626103902.061296 sending message 112 to peer 0x557510922800 (9 bytes)
1626103902.061314 sending message 112 to peer 0x557510922800 (6 bytes)
1626103902.061333 sending message 112 to peer 0x557510922800 (13 bytes)
1626103902.061351 sending message 112 to peer 0x557510922800 (10 bytes)
1626103902.061368 sending message 112 to peer 0x557510922800 (15 bytes)
1626103902.061385 sending message 112 to peer 0x557510922800 (11 bytes)
1626103902.061404 sending message 112 to peer 0x557510922800 (70 bytes)
1626103902.061420 sending message 112 to peer 0x557510922800 (69 bytes)
1626103902.061439 sending message 112 to peer 0x557510922800 (34 bytes)
1626103902.061457 sending message 112 to peer 0x557510922800 (34 bytes)
1626103902.061475 sending message 112 to peer 0x557510922800 (12 bytes)
1626103902.061494 sending message 112 to peer 0x557510922800 (10 bytes)
1626103902.061509 sending message 112 to peer 0x557510922800 (10 bytes)
1626103902.061532 sending message 112 to peer 0x557510922800 (15 bytes)
1626103902.061548 sending message 112 to peer 0x557510922800 (11 bytes)
1626103902.061564 sending message 112 to peer 0x557510922800 (10 bytes)
1626103902.061588 sending message 112 to peer 0x557510922800 (10 bytes)
1626103902.061605 sending message 112 to peer 0x557510922800 (17 bytes)
1626103902.061624 sending message 112 to peer 0x557510922800 (10 bytes)
1626103902.061642 sending message 112 to peer 0x557510922800 (5 bytes)
1626103902.061660 sending message 112 to peer 0x557510922800 (9 bytes)
1626103902.061678 sending message 112 to peer 0x557510922800 (15 bytes)
1626103902.061696 sending message 104 to peer 0x557510922800 (0 bytes)
1626103902.061715 sending message 110 to peer 0x557510922800 (0 bytes)
1626103902.061734 sending message 107 to peer 0x557510922800 (4 bytes)
1626103902.061751 sending message 105 to peer 0x557510922800 (19 bytes)
1626103902.061770 sending message 105 to peer 0x557510922800 (58 bytes)
1626103902.061788 sending message 105 to peer 0x557510922800 (41 bytes)
1626103902.061806 sending message 105 to peer 0x557510922800 (23 bytes)
1626103902.061824 sending message 105 to peer 0x557510922800 (30 bytes)
1626103902.061842 sending message 105 to peer 0x557510922800 (20 bytes)
1626103902.061860 sending message 105 to peer 0x557510922800 (32 bytes)
1626103902.061902 sending message 105 to peer 0x557510922800 (34 bytes)
1626103902.061918 sending message 105 to peer 0x557510922800 (19 bytes)
1626103902.061938 sending message 105 to peer 0x557510922800 (24 bytes)
1626103902.061956 sending message 105 to peer 0x557510922800 (12 bytes)
1626103902.061974 sending message 105 to peer 0x557510922800 (32 bytes)
1626103902.061992 sending message 105 to peer 0x557510922800 (15 bytes)
1626103902.062010 sending message 105 to peer 0x557510922800 (42 bytes)
1626103902.062040 sending message 105 to peer 0x557510922800 (12 bytes)
1626103902.062057 sending message 105 to peer 0x557510922800 (23 bytes)
1626103902.062073 sending message 105 to peer 0x557510922800 (27 bytes)
1626103902.062089 sending message 105 to peer 0x557510922800 (21 bytes)
1626103902.062112 sending message 105 to peer 0x557510922800 (16 bytes)
1626103902.062147 sending message 105 to peer 0x557510922800 (33 bytes)
1626103902.062173 sending message 105 to peer 0x557510922800 (53 bytes)
1626103902.062191 sending message 105 to peer 0x557510922800 (15 bytes)
1626103902.062209 sending message 105 to peer 0x557510922800 (15 bytes)
1626103902.062227 sending message 105 to peer 0x557510922800 (21 bytes)
1626103902.062279 sending message 105 to peer 0x557510922800 (30 bytes)
1626103902.062333 sending message 105 to peer 0x557510922800 (26 bytes)
1626103902.062369 sending message 105 to peer 0x557510922800 (52 bytes)
1626103902.062388 sending message 105 to peer 0x557510922800 (70 bytes)
1626103902.062405 sending message 105 to peer 0x557510922800 (23 bytes)
1626103902.062423 sending message 105 to peer 0x557510922800 (17 bytes)
1626103902.062441 sending message 105 to peer 0x557510922800 (30 bytes)
1626103902.062459 sending message 105 to peer 0x557510922800 (9 bytes)
1626103902.062477 sending message 105 to peer 0x557510922800 (50 bytes)
1626103902.062496 sending message 105 to peer 0x557510922800 (12 bytes)
1626103902.062515 sending message 105 to peer 0x557510922800 (11 bytes)
1626103902.062531 sending message 105 to peer 0x557510922800 (8 bytes)
1626103902.062549 sending message 105 to peer 0x557510922800 (14 bytes)
1626103902.062567 sending message 105 to peer 0x557510922800 (24 bytes)
1626103902.062585 sending message 105 to peer 0x557510922800 (27 bytes)
1626103902.062601 sending message 105 to peer 0x557510922800 (11 bytes)
1626103902.062619 sending message 105 to peer 0x557510922800 (17 bytes)
1626103902.062637 sending message 105 to peer 0x557510922800 (21 bytes)
1626103902.062659 sending message 105 to peer 0x557510922800 (31 bytes)
1626103902.062675 sending message 105 to peer 0x557510922800 (20 bytes)
1626103902.062693 sending message 105 to peer 0x557510922800 (30 bytes)
1626103902.062711 sending message 105 to peer 0x557510922800 (23 bytes)
1626103902.062729 sending message 105 to peer 0x557510922800 (118 bytes)
1626103902.062746 sending message 105 to peer 0x557510922800 (24 bytes)
1626103902.062764 sending message 105 to peer 0x557510922800 (263 bytes)
1626103902.062782 sending message 105 to peer 0x557510922800 (54 bytes)
1626103902.062804 sending message 105 to peer 0x557510922800 (25 bytes)
1626103902.062820 sending message 105 to peer 0x557510922800 (12 bytes)
1626103902.062835 sending message 105 to peer 0x557510922800 (23 bytes)
1626103902.062851 sending message 105 to peer 0x557510922800 (17 bytes)
1626103902.062866 sending message 105 to peer 0x557510922800 (20 bytes)
1626103902.062884 sending message 105 to peer 0x557510922800 (18 bytes)
1626103902.062902 sending message 105 to peer 0x557510922800 (18 bytes)
1626103902.062919 sending message 105 to peer 0x557510922800 (20 bytes)
1626103902.062937 sending message 105 to peer 0x557510922800 (33 bytes)
1626103902.062955 sending message 105 to peer 0x557510922800 (23 bytes)
1626103902.062972 sending message 105 to peer 0x557510922800 (32 bytes)
1626103902.062990 sending message 105 to peer 0x557510922800 (12 bytes)
1626103902.063007 sending message 105 to peer 0x557510922800 (19 bytes)
1626103902.063025 sending message 105 to peer 0x557510922800 (17 bytes)
1626103902.063044 sending message 105 to peer 0x557510922800 (19 bytes)
1626103902.063062 sending message 105 to peer 0x557510922800 (56 bytes)
1626103902.063080 sending message 105 to peer 0x557510922800 (69 bytes)
1626103902.063099 sending message 105 to peer 0x557510922800 (78 bytes)
1626103902.063140 sending message 105 to peer 0x557510922800 (30 bytes)
1626103902.063159 sending message 105 to peer 0x557510922800 (17 bytes)
1626103902.063212 sending message 105 to peer 0x557510922800 (48 bytes)
1626103902.063231 sending message 105 to peer 0x557510922800 (32 bytes)
1626103902.063249 sending message 106 to peer 0x557510922800 (0 bytes)
1626103902.063271 sending message 200 to peer 0x557510922800 (4 bytes)
1626103902.063291 client loop enter
1626103902.063330 client_signal: Child exited
1626103902.326366 peer 0x557510922800 message 207
1626103902.326389 sending message 208 to peer 0x557510922800 (0 bytes)
1626103904.490635 peer 0x557510922800 message 203
1626103904.490666 sending message 205 to peer 0x557510922800 (0 bytes)
1626103904.491015 peer 0x557510922800 message 204
1626103904.491037 client loop exit
